{"/Users/hernan/Projects/Auth0/auth0-cordova/src/crypto.js":{"path":"/Users/hernan/Projects/Auth0/auth0-cordova/src/crypto.js","s":{"1":1,"2":1,"3":7,"4":1,"5":2,"6":1,"7":2,"8":2,"9":2,"10":1,"11":3},"b":{},"f":{"1":7,"2":2,"3":2,"4":3},"fnMap":{"1":{"name":"base64UrlSafeEncode","line":3,"loc":{"start":{"line":3,"column":0},"end":{"line":3,"column":37}}},"2":{"name":"sha256","line":10,"loc":{"start":{"line":10,"column":0},"end":{"line":10,"column":24}}},"3":{"name":"generateProofKey","line":14,"loc":{"start":{"line":14,"column":27},"end":{"line":14,"column":55}}},"4":{"name":"generateState","line":23,"loc":{"start":{"line":23,"column":24},"end":{"line":23,"column":49}}}},"statementMap":{"1":{"start":{"line":1,"column":0},"end":{"line":1,"column":31}},"2":{"start":{"line":3,"column":0},"end":{"line":8,"column":1}},"3":{"start":{"line":4,"column":2},"end":{"line":7,"column":27}},"4":{"start":{"line":10,"column":0},"end":{"line":12,"column":1}},"5":{"start":{"line":11,"column":2},"end":{"line":11,"column":61}},"6":{"start":{"line":14,"column":0},"end":{"line":21,"column":2}},"7":{"start":{"line":15,"column":2},"end":{"line":15,"column":65}},"8":{"start":{"line":16,"column":2},"end":{"line":16,"column":64}},"9":{"start":{"line":17,"column":2},"end":{"line":20,"column":4}},"10":{"start":{"line":23,"column":0},"end":{"line":25,"column":2}},"11":{"start":{"line":24,"column":2},"end":{"line":24,"column":53}}},"branchMap":{}}}